<?xml version="1.0" encoding="UTF-8"?>
<!-- Generated by org.testng.reporters.JUnitReportReporter -->
<testsuite hostname="DESKTOP-G4V2N1S" failures="0" tests="2" name="com.test.AssertTest" time="19.736" errors="0" timestamp="2022-01-18T11:28:36 IST" skipped="0">
  <testcase classname="com.test.AssertTest" name="AssertTitle" time="13.396"/>
  <system-out/>
  <testcase classname="com.test.AssertTest" name="testLogo" time="6.340"/>
  <system-out/>
</testsuite> <!-- com.test.AssertTest -->
