<?xml version="1.0" encoding="UTF-8"?>
<!-- Generated by org.testng.reporters.JUnitReportReporter -->
<testsuite hostname="DESKTOP-G4V2N1S" failures="0" tests="2" name="com.test.TestNgFeatures" time="0.004" errors="0" timestamp="2022-01-18T11:28:36 IST" skipped="0">
  <testcase classname="com.test.TestNgFeatures" name="loadPage" time="0.002"/>
  <system-out/>
  <testcase classname="com.test.TestNgFeatures" name="readTitle" time="0.002"/>
  <system-out/>
</testsuite> <!-- com.test.TestNgFeatures -->
