<?xml version="1.0" encoding="UTF-8"?>
<!-- Generated by org.testng.reporters.JUnitReportReporter -->
<testsuite hostname="DESKTOP-G4V2N1S" failures="0" tests="1" name="com.test.TestNgBasics" time="0.007" errors="0" timestamp="2022-01-18T11:28:36 IST" skipped="0">
  <testcase classname="com.test.TestNgBasics" name="testTitle" time="0.007"/>
  <system-out/>
</testsuite> <!-- com.test.TestNgBasics -->
