<?xml version="1.0" encoding="UTF-8"?>
<!-- Generated by org.testng.reporters.JUnitReportReporter -->
<testsuite hostname="DESKTOP-G4V2N1S" failures="0" tests="2" name="com.datadriven.test.TestNgDataDrivenTest" time="12.475" errors="0" timestamp="2022-01-19T20:02:08 IST" skipped="0">
  <testcase classname="com.datadriven.test.TestNgDataDrivenTest" name="testNgTest" time="7.328"/>
  <system-out/>
  <testcase classname="com.datadriven.test.TestNgDataDrivenTest" name="testNgTest" time="5.147"/>
  <system-out/>
</testsuite> <!-- com.datadriven.test.TestNgDataDrivenTest -->
