<?xml version="1.0" encoding="UTF-8"?>
<!-- Generated by org.testng.reporters.JUnitReportReporter -->
<testsuite hostname="DESKTOP-G4V2N1S" failures="0" tests="1" name="com.parameters.ParameterTest" time="43.915" errors="0" timestamp="2022-01-18T12:40:52 IST" skipped="0">
  <testcase classname="com.parameters.ParameterTest" name="parametersPassing" time="43.915"/>
  <system-out/>
</testsuite> <!-- com.parameters.ParameterTest -->
