<?xml version="1.0" encoding="UTF-8"?>
<!-- Generated by org.testng.reporters.JUnitReportReporter -->
<testsuite hostname="DESKTOP-G4V2N1S" failures="0" tests="2" name="com.test.GoogleTest" time="16.586" errors="0" timestamp="2022-01-18T12:15:58 IST" skipped="0">
  <testcase classname="com.test.GoogleTest" name="testTitle" time="8.539"/>
  <system-out/>
  <testcase classname="com.test.GoogleTest" name="testLogo" time="8.047"/>
  <system-out/>
</testsuite> <!-- com.test.GoogleTest -->
